<?xml version="1.0" encoding="UTF-8"?>
<!-- Generated by org.testng.reporters.JUnitReportReporter -->
<testsuite skipped="0" hostname="MAVBCP733" name="com.internetapp.tests.a_Elements" tests="1" failures="0" timestamp="16 Jul 2020 08:53:36 GMT" time="127.088" errors="0">
  <testcase name="Test2" time="127.088" classname="com.internetapp.tests.a_Elements"/>
</testsuite> <!-- com.internetapp.tests.a_Elements -->
