<?xml version="1.0" encoding="UTF-8"?>
<!-- Generated by org.testng.reporters.JUnitReportReporter -->
<testsuite skipped="0" hostname="MAVBCP733" name="com.internetapp.tests.ParasBankTest" tests="1" failures="0" timestamp="16 Jul 2020 14:56:34 GMT" time="47.404" errors="0">
  <testcase name="Test2" time="47.404" classname="com.internetapp.tests.ParasBankTest"/>
</testsuite> <!-- com.internetapp.tests.ParasBankTest -->
